c:\users\lui\desktop\imgui-external-base-main\release\vc143.pdb
c:\users\lui\desktop\imgui-external-base-main\release\main.obj
c:\users\lui\desktop\imgui-external-base-main\release\imgui_widgets.obj
c:\users\lui\desktop\imgui-external-base-main\release\imgui_tables.obj
c:\users\lui\desktop\imgui-external-base-main\release\imgui_impl_win32.obj
c:\users\lui\desktop\imgui-external-base-main\release\imgui_impl_dx9.obj
c:\users\lui\desktop\imgui-external-base-main\release\imgui_draw.obj
c:\users\lui\desktop\imgui-external-base-main\release\imgui_demo.obj
c:\users\lui\desktop\imgui-external-base-main\release\imgui.obj
c:\users\lui\desktop\imgui-external-base-main\release\menu.obj
c:\users\lui\desktop\imgui-external-base-main\release\mouse.obj
c:\users\lui\desktop\imgui-external-base-main\release\keyboard.obj
c:\users\lui\desktop\imgui-external-base-main\release\std.compat.ixx.ifc
c:\users\lui\desktop\imgui-external-base-main\release\std.compat.ixx.ifc.d.json
c:\users\lui\desktop\imgui-external-base-main\release\std.compat.ixx.obj
c:\users\lui\desktop\imgui-external-base-main\release\std.ixx.ifc
c:\users\lui\desktop\imgui-external-base-main\release\std.ixx.ifc.d.json
c:\users\lui\desktop\imgui-external-base-main\release\std.ixx.obj
c:\users\lui\desktop\imgui-external-base-main\release\config.obj
c:\users\lui\desktop\imgui-external-base-main\release\base.ipdb
c:\users\lui\desktop\imgui-external-base-main\release\base.iobj
c:\users\lui\desktop\imgui-external-base-main\release\base.exe
c:\users\lui\desktop\imgui-external-base-main\release\base.pdb
c:\users\lui\desktop\imgui-external-base-main\release\std.ixx.module.json
c:\users\lui\desktop\imgui-external-base-main\release\std.compat.ixx.module.json
c:\users\lui\desktop\imgui-external-base-main\release\base.tlog\cl.command.1.tlog
c:\users\lui\desktop\imgui-external-base-main\release\base.tlog\cl.items.tlog
c:\users\lui\desktop\imgui-external-base-main\release\base.tlog\cl.read.1.tlog
c:\users\lui\desktop\imgui-external-base-main\release\base.tlog\cl.write.1.tlog
c:\users\lui\desktop\imgui-external-base-main\release\base.tlog\link.command.1.tlog
c:\users\lui\desktop\imgui-external-base-main\release\base.tlog\link.read.1.tlog
c:\users\lui\desktop\imgui-external-base-main\release\base.tlog\link.write.1.tlog
c:\users\lui\desktop\imgui-external-base-main\release\base.tlog\link.write.2u.tlog
c:\users\lui\desktop\imgui-external-base-main\release\base_md.tlog\cl.command.1.tlog
c:\users\lui\desktop\imgui-external-base-main\release\base_md.tlog\microsoft.build.cpptasks.cl.read.1.tlog
c:\users\lui\desktop\imgui-external-base-main\release\base_md.tlog\microsoft.build.cpptasks.cl.write.1.tlog
